app/build/intermediates/manifest_merge_blame_file/debug/manifest-merger-blame-debug-report.txt
1<?xml version="1.0" encoding="utf-8"?>
2<manifest xmlns:android="http://schemas.android.com/apk/res/android"
3    package="com.mvp.login"
4    android:versionCode="1"
5    android:versionName="1.0" >
6
7    <uses-sdk
8        android:minSdkVersion="19"
8-->src\main\AndroidManifest.xml
9        android:targetSdkVersion="29" />
9-->src\main\AndroidManifest.xml
10
11    <application
11-->src\main\AndroidManifest.xml:5:5-18:19
12        android:appComponentFactory="androidx.core.app.CoreComponentFactory"
12-->[androidx.core:core:1.3.1] AndroidManifest.xml:24:18-86
13        android:debuggable="true"
14        android:icon="@drawable/ic_launcher"
14-->src\main\AndroidManifest.xml:6:9-45
15        android:label="@string/app_name"
15-->src\main\AndroidManifest.xml:7:9-41
16        android:testOnly="true"
17        android:theme="@style/AppTheme" >
17-->src\main\AndroidManifest.xml:8:9-40
18        <activity
18-->src\main\AndroidManifest.xml:9:9-16:20
19            android:name="com.mvp.login.ui.activity.MyActivity"
19-->src\main\AndroidManifest.xml:10:13-64
20            android:label="@string/app_name" >
20-->src\main\AndroidManifest.xml:11:13-45
21            <intent-filter>
21-->src\main\AndroidManifest.xml:12:13-15:29
22                <action android:name="android.intent.action.MAIN" />
22-->src\main\AndroidManifest.xml:13:17-69
22-->src\main\AndroidManifest.xml:13:25-66
23
24                <category android:name="android.intent.category.LAUNCHER" />
24-->src\main\AndroidManifest.xml:14:17-77
24-->src\main\AndroidManifest.xml:14:27-74
25            </intent-filter>
26        </activity>
27        <activity android:name="com.mvp.login.ui.activity.UserInfoActivity" />
27-->src\main\AndroidManifest.xml:17:9-66
27-->src\main\AndroidManifest.xml:17:19-63
28    </application>
29
30</manifest>